<?xml version="1.0" encoding="UTF-8"?>
<!-- Generated by org.testng.reporters.JUnitXMLReporter -->
<testsuite hostname="RSLPTP1013" ignored="0" name="Test" tests="3" failures="1" timestamp="23 May 2020 16:51:04 GMT" time="71.7" errors="0">
  <testcase name="imagePresense" time="0.316" classname="allureReort.AllureReportDemos"/>
  <testcase name="loginTest" time="3.073" classname="allureReort.AllureReportDemos">
    <failure type="java.lang.AssertionError" message="expected [nopCommerce demo store] but found [nopCommerce demo store. Login]">
      <![CDATA[java.lang.AssertionError: expected [nopCommerce demo store] but found [nopCommerce demo store. Login]
at allureReort.AllureReportDemos.loginTest(AllureReportDemos.java:47)
... Removed 31 stack frames]]>
    </failure>
  </testcase> <!-- loginTest -->
  <testcase name="registrationTest" time="0.009" classname="allureReort.AllureReportDemos">
    <skipped/>
  </testcase> <!-- registrationTest -->
</testsuite> <!-- Test -->
